<?xml version="1.0" encoding="UTF-8"?>
<testsuite name="ru.nsu.malov.FindSubstringTest" tests="1" skipped="0" failures="0" errors="0" timestamp="2021-10-01T11:53:37" hostname="DESKTOP-U7D5E0D" time="0.052">
  <properties/>
  <testcase name="findSubstring_bigtext()" classname="ru.nsu.malov.FindSubstringTest" time="0.052"/>
  <system-out><![CDATA[says$????????????????????????????????????????????????
says$Horatio says tis but our fantasy, And will not l
Found matching
says$s tis but our fantasy, And will not l will not l

says$et belief take hold of him Touching this dreaded
says$belief take hold of him Touching this dreadedded

says$ sight, twice seen of us: Therefore I have entre
says$ght, twice seen of us: Therefore I have entretre

says$ated him along With us to watch the minutes of t
says$d him along With us to watch the minutes of tf t

says$his night; That if again this apparition come, H
says$ night; That if again this apparition come, H, H

says$e may approve our eyes and speak to it.?????????
says$ay approve our eyes and speak to it.????????????
End
[9]
]]></system-out>
  <system-err><![CDATA[]]></system-err>
</testsuite>
