<?xml version="1.0" encoding="UTF-8"?>
<testsuite name="ru.nsu.malov.SortTest" tests="1" skipped="0" failures="0" errors="0" timestamp="2021-09-21T08:37:10" hostname="DESKTOP-U7D5E0D" time="0.026">
  <properties/>
  <testcase name="test_negative_elemets()" classname="ru.nsu.malov.SortTest" time="0.026"/>
  <system-out><![CDATA[]]></system-out>
  <system-err><![CDATA[]]></system-err>
</testsuite>
